<?xml version="1.0" encoding="UTF-8"?>
<testsuite xmlns:xsi="http://www.w3.org/2001/XMLSchema-instance" xsi:noNamespaceSchemaLocation="https://maven.apache.org/surefire/maven-surefire-plugin/xsd/surefire-test-report.xsd" version="3.0.1" name="fr.julienlavocat.aoc.d01.Test02" time="0.011" tests="1" errors="0" skipped="0" failures="0">
  <properties>
    <property name="java.specification.version" value="22"/>
    <property name="sun.jnu.encoding" value="UTF-8"/>
    <property name="java.class.path" value="/home/julien/dev/advent-of-code/2024/target/test-classes:/home/julien/dev/advent-of-code/2024/target/classes:/home/julien/.m2/repository/org/junit/jupiter/junit-jupiter-api/5.11.0/junit-jupiter-api-5.11.0.jar:/home/julien/.m2/repository/org/opentest4j/opentest4j/1.3.0/opentest4j-1.3.0.jar:/home/julien/.m2/repository/org/junit/platform/junit-platform-commons/1.11.0/junit-platform-commons-1.11.0.jar:/home/julien/.m2/repository/org/apiguardian/apiguardian-api/1.1.2/apiguardian-api-1.1.2.jar:/home/julien/.m2/repository/org/junit/jupiter/junit-jupiter-params/5.11.0/junit-jupiter-params-5.11.0.jar:/home/julien/.m2/repository/org/apache/commons/commons-lang3/3.17.0/commons-lang3-3.17.0.jar:"/>
    <property name="java.vm.vendor" value="Oracle Corporation"/>
    <property name="sun.arch.data.model" value="64"/>
    <property name="java.vendor.url" value="https://java.oracle.com/"/>
    <property name="os.name" value="Linux"/>
    <property name="java.vm.specification.version" value="22"/>
    <property name="sun.java.launcher" value="SUN_STANDARD"/>
    <property name="sun.boot.library.path" value="/home/julien/.sdkman/candidates/java/22-open/lib"/>
    <property name="sun.java.command" value="/home/julien/dev/advent-of-code/2024/target/surefire/surefirebooter-20241203102427107_3.jar /home/julien/dev/advent-of-code/2024/target/surefire 2024-12-03T10-24-27_067-jvmRun1 surefire-20241203102427107_1tmp surefire_0-20241203102427107_2tmp"/>
    <property name="jdk.debug" value="release"/>
    <property name="surefire.test.class.path" value="/home/julien/dev/advent-of-code/2024/target/test-classes:/home/julien/dev/advent-of-code/2024/target/classes:/home/julien/.m2/repository/org/junit/jupiter/junit-jupiter-api/5.11.0/junit-jupiter-api-5.11.0.jar:/home/julien/.m2/repository/org/opentest4j/opentest4j/1.3.0/opentest4j-1.3.0.jar:/home/julien/.m2/repository/org/junit/platform/junit-platform-commons/1.11.0/junit-platform-commons-1.11.0.jar:/home/julien/.m2/repository/org/apiguardian/apiguardian-api/1.1.2/apiguardian-api-1.1.2.jar:/home/julien/.m2/repository/org/junit/jupiter/junit-jupiter-params/5.11.0/junit-jupiter-params-5.11.0.jar:/home/julien/.m2/repository/org/apache/commons/commons-lang3/3.17.0/commons-lang3-3.17.0.jar:"/>
    <property name="sun.cpu.endian" value="little"/>
    <property name="user.home" value="/home/julien"/>
    <property name="user.language" value="en"/>
    <property name="java.specification.vendor" value="Oracle Corporation"/>
    <property name="java.version.date" value="2024-03-19"/>
    <property name="java.home" value="/home/julien/.sdkman/candidates/java/22-open"/>
    <property name="file.separator" value="/"/>
    <property name="basedir" value="/home/julien/dev/advent-of-code/2024"/>
    <property name="java.vm.compressedOopsMode" value="Zero based"/>
    <property name="line.separator" value="&#10;"/>
    <property name="java.vm.specification.vendor" value="Oracle Corporation"/>
    <property name="java.specification.name" value="Java Platform API Specification"/>
    <property name="surefire.real.class.path" value="/home/julien/dev/advent-of-code/2024/target/surefire/surefirebooter-20241203102427107_3.jar"/>
    <property name="sun.management.compiler" value="HotSpot 64-Bit Tiered Compilers"/>
    <property name="java.runtime.version" value="22+36-2370"/>
    <property name="user.name" value="julien"/>
    <property name="stdout.encoding" value="UTF-8"/>
    <property name="path.separator" value=":"/>
    <property name="os.version" value="6.9.3-76060903-generic"/>
    <property name="java.runtime.name" value="OpenJDK Runtime Environment"/>
    <property name="file.encoding" value="UTF-8"/>
    <property name="java.vm.name" value="OpenJDK 64-Bit Server VM"/>
    <property name="localRepository" value="/home/julien/.m2/repository"/>
    <property name="java.vendor.url.bug" value="https://bugreport.java.com/bugreport/"/>
    <property name="java.io.tmpdir" value="/tmp"/>
    <property name="java.version" value="22"/>
    <property name="user.dir" value="/home/julien/dev/advent-of-code/2024"/>
    <property name="os.arch" value="amd64"/>
    <property name="java.vm.specification.name" value="Java Virtual Machine Specification"/>
    <property name="native.encoding" value="UTF-8"/>
    <property name="java.library.path" value="/snap/alacritty/140/usr/lib/x86_64-linux-gnu/dri:/usr/java/packages/lib:/usr/lib64:/lib64:/lib:/usr/lib"/>
    <property name="stderr.encoding" value="UTF-8"/>
    <property name="java.vm.info" value="mixed mode, sharing"/>
    <property name="java.vendor" value="Oracle Corporation"/>
    <property name="java.vm.version" value="22+36-2370"/>
    <property name="sun.io.unicode.encoding" value="UnicodeLittle"/>
    <property name="java.class.version" value="66.0"/>
  </properties>
  <testcase name="p2_shouldFind4SafeReportsWithDampener" classname="fr.julienlavocat.aoc.d01.Test02" time="0.01">
    <system-out><![CDATA[[1, 2, 7, 8, 9] unsafe: level 5, 2 7
[2, 7, 8, 9] unsafe: level 5, 2 7
[1, 7, 8, 9] unsafe: level 6, 1 7
[1, 2, 8, 9] unsafe: level 6, 2 8
[1, 2, 7, 9] unsafe: level 5, 2 7
[1, 2, 7, 8] unsafe: level 5, 2 7
[9, 7, 6, 2, 1] unsafe: level 4, 6 2
[7, 6, 2, 1] unsafe: level 4, 6 2
[9, 6, 2, 1] unsafe: level 4, 6 2
[9, 7, 2, 1] unsafe: level 5, 7 2
[9, 7, 6, 1] unsafe: level 5, 6 1
[9, 7, 6, 2] unsafe: level 4, 6 2
[1, 3, 2, 4, 5]unsafe: increasing, 3 2
[3, 2, 4, 5]unsafe: decreasing, 2 4
[8, 6, 4, 4, 1] unsafe: level 0, 4 4
[6, 4, 4, 1] unsafe: level 0, 4 4
[8, 4, 4, 1] unsafe: level 4, 8 4
]]></system-out>
  </testcase>
</testsuite>